<?xml version="1.0" encoding="UTF-8"?>
<!-- Generated by org.testng.reporters.JUnitReportReporter -->
<testsuite hostname="DESKTOP-4FLH92S" failures="0" tests="1" name="com.qa.test.RegistrationTest" time="22.684" errors="0" timestamp="2023-04-13T18:26:34 IST" skipped="0">
  <testcase classname="com.qa.test.RegistrationTest" name="openurl" time="22.684"/>
  <system-out/>
</testsuite> <!-- com.qa.test.RegistrationTest -->
