<?xml version="1.0" encoding="UTF-8"?>
<!-- Generated by org.testng.reporters.JUnitReportReporter -->
<testsuite hostname="DESKTOP-4FLH92S" failures="0" tests="1" name="com.qa.test.CreateAccountTest" time="16.922" errors="0" timestamp="2023-06-28T23:28:18 IST" skipped="0">
  <testcase classname="com.qa.test.CreateAccountTest" name="createAccout" time="16.922"/>
  <system-out/>
</testsuite> <!-- com.qa.test.CreateAccountTest -->
